Start testing: Jan 10 23:18 +07
----------------------------------------------------------
1/13 Testing: Sanity.TrueIsTrue
1/13 Test: Sanity.TrueIsTrue
Command: "/home/roto/git/android-platform-frameworks-base/build/tests/framework_tests" "--gtest_filter=Sanity.TrueIsTrue" "--gtest_also_run_disabled_tests"
Directory: /home/roto/git/android-platform-frameworks-base/build/tests
"Sanity.TrueIsTrue" start time: Jan 10 23:18 +07
Output:
----------------------------------------------------------
Running main() from /home/roto/git/android-platform-frameworks-base/build/_deps/googletest-src/googletest/src/gtest_main.cc
Note: Google Test filter = Sanity.TrueIsTrue
[==========] Running 1 test from 1 test suite.
[----------] Global test environment set-up.
[----------] 1 test from Sanity
[ RUN      ] Sanity.TrueIsTrue
[       OK ] Sanity.TrueIsTrue (0 ms)
[----------] 1 test from Sanity (0 ms total)

[----------] Global test environment tear-down
[==========] 1 test from 1 test suite ran. (0 ms total)
[  PASSED  ] 1 test.
<end of output>
Test time =   0.01 sec
----------------------------------------------------------
Test Passed.
"Sanity.TrueIsTrue" end time: Jan 10 23:18 +07
"Sanity.TrueIsTrue" time elapsed: 00:00:00
----------------------------------------------------------

2/13 Testing: BundleTest.PutAndGetInt
2/13 Test: BundleTest.PutAndGetInt
Command: "/home/roto/git/android-platform-frameworks-base/build/tests/framework_tests" "--gtest_filter=BundleTest.PutAndGetInt" "--gtest_also_run_disabled_tests"
Directory: /home/roto/git/android-platform-frameworks-base/build/tests
"BundleTest.PutAndGetInt" start time: Jan 10 23:18 +07
Output:
----------------------------------------------------------
Running main() from /home/roto/git/android-platform-frameworks-base/build/_deps/googletest-src/googletest/src/gtest_main.cc
Note: Google Test filter = BundleTest.PutAndGetInt
[==========] Running 1 test from 1 test suite.
[----------] Global test environment set-up.
[----------] 1 test from BundleTest
[ RUN      ] BundleTest.PutAndGetInt
[       OK ] BundleTest.PutAndGetInt (0 ms)
[----------] 1 test from BundleTest (0 ms total)

[----------] Global test environment tear-down
[==========] 1 test from 1 test suite ran. (0 ms total)
[  PASSED  ] 1 test.
<end of output>
Test time =   0.01 sec
----------------------------------------------------------
Test Passed.
"BundleTest.PutAndGetInt" end time: Jan 10 23:18 +07
"BundleTest.PutAndGetInt" time elapsed: 00:00:00
----------------------------------------------------------

3/13 Testing: BundleTest.GetNonExistentKey
3/13 Test: BundleTest.GetNonExistentKey
Command: "/home/roto/git/android-platform-frameworks-base/build/tests/framework_tests" "--gtest_filter=BundleTest.GetNonExistentKey" "--gtest_also_run_disabled_tests"
Directory: /home/roto/git/android-platform-frameworks-base/build/tests
"BundleTest.GetNonExistentKey" start time: Jan 10 23:18 +07
Output:
----------------------------------------------------------
Running main() from /home/roto/git/android-platform-frameworks-base/build/_deps/googletest-src/googletest/src/gtest_main.cc
Note: Google Test filter = BundleTest.GetNonExistentKey
[==========] Running 1 test from 1 test suite.
[----------] Global test environment set-up.
[----------] 1 test from BundleTest
[ RUN      ] BundleTest.GetNonExistentKey
[       OK ] BundleTest.GetNonExistentKey (0 ms)
[----------] 1 test from BundleTest (0 ms total)

[----------] Global test environment tear-down
[==========] 1 test from 1 test suite ran. (0 ms total)
[  PASSED  ] 1 test.
<end of output>
Test time =   0.01 sec
----------------------------------------------------------
Test Passed.
"BundleTest.GetNonExistentKey" end time: Jan 10 23:18 +07
"BundleTest.GetNonExistentKey" time elapsed: 00:00:00
----------------------------------------------------------

4/13 Testing: BundleTest.TypeMismatch
4/13 Test: BundleTest.TypeMismatch
Command: "/home/roto/git/android-platform-frameworks-base/build/tests/framework_tests" "--gtest_filter=BundleTest.TypeMismatch" "--gtest_also_run_disabled_tests"
Directory: /home/roto/git/android-platform-frameworks-base/build/tests
"BundleTest.TypeMismatch" start time: Jan 10 23:18 +07
Output:
----------------------------------------------------------
Running main() from /home/roto/git/android-platform-frameworks-base/build/_deps/googletest-src/googletest/src/gtest_main.cc
Note: Google Test filter = BundleTest.TypeMismatch
[==========] Running 1 test from 1 test suite.
[----------] Global test environment set-up.
[----------] 1 test from BundleTest
[ RUN      ] BundleTest.TypeMismatch
[       OK ] BundleTest.TypeMismatch (0 ms)
[----------] 1 test from BundleTest (0 ms total)

[----------] Global test environment tear-down
[==========] 1 test from 1 test suite ran. (0 ms total)
[  PASSED  ] 1 test.
<end of output>
Test time =   0.00 sec
----------------------------------------------------------
Test Passed.
"BundleTest.TypeMismatch" end time: Jan 10 23:18 +07
"BundleTest.TypeMismatch" time elapsed: 00:00:00
----------------------------------------------------------

5/13 Testing: BundleTest.PutAndGetString
5/13 Test: BundleTest.PutAndGetString
Command: "/home/roto/git/android-platform-frameworks-base/build/tests/framework_tests" "--gtest_filter=BundleTest.PutAndGetString" "--gtest_also_run_disabled_tests"
Directory: /home/roto/git/android-platform-frameworks-base/build/tests
"BundleTest.PutAndGetString" start time: Jan 10 23:18 +07
Output:
----------------------------------------------------------
Running main() from /home/roto/git/android-platform-frameworks-base/build/_deps/googletest-src/googletest/src/gtest_main.cc
Note: Google Test filter = BundleTest.PutAndGetString
[==========] Running 1 test from 1 test suite.
[----------] Global test environment set-up.
[----------] 1 test from BundleTest
[ RUN      ] BundleTest.PutAndGetString
[       OK ] BundleTest.PutAndGetString (0 ms)
[----------] 1 test from BundleTest (0 ms total)

[----------] Global test environment tear-down
[==========] 1 test from 1 test suite ran. (0 ms total)
[  PASSED  ] 1 test.
<end of output>
Test time =   0.01 sec
----------------------------------------------------------
Test Passed.
"BundleTest.PutAndGetString" end time: Jan 10 23:18 +07
"BundleTest.PutAndGetString" time elapsed: 00:00:00
----------------------------------------------------------

6/13 Testing: BundleTest.ClearAndIsEmpty
6/13 Test: BundleTest.ClearAndIsEmpty
Command: "/home/roto/git/android-platform-frameworks-base/build/tests/framework_tests" "--gtest_filter=BundleTest.ClearAndIsEmpty" "--gtest_also_run_disabled_tests"
Directory: /home/roto/git/android-platform-frameworks-base/build/tests
"BundleTest.ClearAndIsEmpty" start time: Jan 10 23:18 +07
Output:
----------------------------------------------------------
Running main() from /home/roto/git/android-platform-frameworks-base/build/_deps/googletest-src/googletest/src/gtest_main.cc
Note: Google Test filter = BundleTest.ClearAndIsEmpty
[==========] Running 1 test from 1 test suite.
[----------] Global test environment set-up.
[----------] 1 test from BundleTest
[ RUN      ] BundleTest.ClearAndIsEmpty
[       OK ] BundleTest.ClearAndIsEmpty (0 ms)
[----------] 1 test from BundleTest (0 ms total)

[----------] Global test environment tear-down
[==========] 1 test from 1 test suite ran. (0 ms total)
[  PASSED  ] 1 test.
<end of output>
Test time =   0.00 sec
----------------------------------------------------------
Test Passed.
"BundleTest.ClearAndIsEmpty" end time: Jan 10 23:18 +07
"BundleTest.ClearAndIsEmpty" time elapsed: 00:00:00
----------------------------------------------------------

7/13 Testing: BundleTest.ContainsKey
7/13 Test: BundleTest.ContainsKey
Command: "/home/roto/git/android-platform-frameworks-base/build/tests/framework_tests" "--gtest_filter=BundleTest.ContainsKey" "--gtest_also_run_disabled_tests"
Directory: /home/roto/git/android-platform-frameworks-base/build/tests
"BundleTest.ContainsKey" start time: Jan 10 23:18 +07
Output:
----------------------------------------------------------
Running main() from /home/roto/git/android-platform-frameworks-base/build/_deps/googletest-src/googletest/src/gtest_main.cc
Note: Google Test filter = BundleTest.ContainsKey
[==========] Running 1 test from 1 test suite.
[----------] Global test environment set-up.
[----------] 1 test from BundleTest
[ RUN      ] BundleTest.ContainsKey
[       OK ] BundleTest.ContainsKey (0 ms)
[----------] 1 test from BundleTest (0 ms total)

[----------] Global test environment tear-down
[==========] 1 test from 1 test suite ran. (0 ms total)
[  PASSED  ] 1 test.
<end of output>
Test time =   0.00 sec
----------------------------------------------------------
Test Passed.
"BundleTest.ContainsKey" end time: Jan 10 23:18 +07
"BundleTest.ContainsKey" time elapsed: 00:00:00
----------------------------------------------------------

8/13 Testing: BundleTest.Remove
8/13 Test: BundleTest.Remove
Command: "/home/roto/git/android-platform-frameworks-base/build/tests/framework_tests" "--gtest_filter=BundleTest.Remove" "--gtest_also_run_disabled_tests"
Directory: /home/roto/git/android-platform-frameworks-base/build/tests
"BundleTest.Remove" start time: Jan 10 23:18 +07
Output:
----------------------------------------------------------
Running main() from /home/roto/git/android-platform-frameworks-base/build/_deps/googletest-src/googletest/src/gtest_main.cc
Note: Google Test filter = BundleTest.Remove
[==========] Running 1 test from 1 test suite.
[----------] Global test environment set-up.
[----------] 1 test from BundleTest
[ RUN      ] BundleTest.Remove
[       OK ] BundleTest.Remove (0 ms)
[----------] 1 test from BundleTest (0 ms total)

[----------] Global test environment tear-down
[==========] 1 test from 1 test suite ran. (0 ms total)
[  PASSED  ] 1 test.
<end of output>
Test time =   0.00 sec
----------------------------------------------------------
Test Passed.
"BundleTest.Remove" end time: Jan 10 23:18 +07
"BundleTest.Remove" time elapsed: 00:00:00
----------------------------------------------------------

9/13 Testing: IntentTest.SetAndGetAction
9/13 Test: IntentTest.SetAndGetAction
Command: "/home/roto/git/android-platform-frameworks-base/build/tests/framework_tests" "--gtest_filter=IntentTest.SetAndGetAction" "--gtest_also_run_disabled_tests"
Directory: /home/roto/git/android-platform-frameworks-base/build/tests
"IntentTest.SetAndGetAction" start time: Jan 10 23:18 +07
Output:
----------------------------------------------------------
Running main() from /home/roto/git/android-platform-frameworks-base/build/_deps/googletest-src/googletest/src/gtest_main.cc
Note: Google Test filter = IntentTest.SetAndGetAction
[==========] Running 1 test from 1 test suite.
[----------] Global test environment set-up.
[----------] 1 test from IntentTest
[ RUN      ] IntentTest.SetAndGetAction
[       OK ] IntentTest.SetAndGetAction (0 ms)
[----------] 1 test from IntentTest (0 ms total)

[----------] Global test environment tear-down
[==========] 1 test from 1 test suite ran. (0 ms total)
[  PASSED  ] 1 test.
<end of output>
Test time =   0.01 sec
----------------------------------------------------------
Test Passed.
"IntentTest.SetAndGetAction" end time: Jan 10 23:18 +07
"IntentTest.SetAndGetAction" time elapsed: 00:00:00
----------------------------------------------------------

10/13 Testing: IntentTest.SetAndGetData
10/13 Test: IntentTest.SetAndGetData
Command: "/home/roto/git/android-platform-frameworks-base/build/tests/framework_tests" "--gtest_filter=IntentTest.SetAndGetData" "--gtest_also_run_disabled_tests"
Directory: /home/roto/git/android-platform-frameworks-base/build/tests
"IntentTest.SetAndGetData" start time: Jan 10 23:18 +07
Output:
----------------------------------------------------------
Running main() from /home/roto/git/android-platform-frameworks-base/build/_deps/googletest-src/googletest/src/gtest_main.cc
Note: Google Test filter = IntentTest.SetAndGetData
[==========] Running 1 test from 1 test suite.
[----------] Global test environment set-up.
[----------] 1 test from IntentTest
[ RUN      ] IntentTest.SetAndGetData
[       OK ] IntentTest.SetAndGetData (0 ms)
[----------] 1 test from IntentTest (0 ms total)

[----------] Global test environment tear-down
[==========] 1 test from 1 test suite ran. (0 ms total)
[  PASSED  ] 1 test.
<end of output>
Test time =   0.00 sec
----------------------------------------------------------
Test Passed.
"IntentTest.SetAndGetData" end time: Jan 10 23:18 +07
"IntentTest.SetAndGetData" time elapsed: 00:00:00
----------------------------------------------------------

11/13 Testing: IntentTest.AddAndHasCategory
11/13 Test: IntentTest.AddAndHasCategory
Command: "/home/roto/git/android-platform-frameworks-base/build/tests/framework_tests" "--gtest_filter=IntentTest.AddAndHasCategory" "--gtest_also_run_disabled_tests"
Directory: /home/roto/git/android-platform-frameworks-base/build/tests
"IntentTest.AddAndHasCategory" start time: Jan 10 23:18 +07
Output:
----------------------------------------------------------
Running main() from /home/roto/git/android-platform-frameworks-base/build/_deps/googletest-src/googletest/src/gtest_main.cc
Note: Google Test filter = IntentTest.AddAndHasCategory
[==========] Running 1 test from 1 test suite.
[----------] Global test environment set-up.
[----------] 1 test from IntentTest
[ RUN      ] IntentTest.AddAndHasCategory
[       OK ] IntentTest.AddAndHasCategory (0 ms)
[----------] 1 test from IntentTest (0 ms total)

[----------] Global test environment tear-down
[==========] 1 test from 1 test suite ran. (0 ms total)
[  PASSED  ] 1 test.
<end of output>
Test time =   0.01 sec
----------------------------------------------------------
Test Passed.
"IntentTest.AddAndHasCategory" end time: Jan 10 23:18 +07
"IntentTest.AddAndHasCategory" time elapsed: 00:00:00
----------------------------------------------------------

12/13 Testing: IntentTest.PutAndGetExtra
12/13 Test: IntentTest.PutAndGetExtra
Command: "/home/roto/git/android-platform-frameworks-base/build/tests/framework_tests" "--gtest_filter=IntentTest.PutAndGetExtra" "--gtest_also_run_disabled_tests"
Directory: /home/roto/git/android-platform-frameworks-base/build/tests
"IntentTest.PutAndGetExtra" start time: Jan 10 23:18 +07
Output:
----------------------------------------------------------
Running main() from /home/roto/git/android-platform-frameworks-base/build/_deps/googletest-src/googletest/src/gtest_main.cc
Note: Google Test filter = IntentTest.PutAndGetExtra
[==========] Running 1 test from 1 test suite.
[----------] Global test environment set-up.
[----------] 1 test from IntentTest
[ RUN      ] IntentTest.PutAndGetExtra
[       OK ] IntentTest.PutAndGetExtra (0 ms)
[----------] 1 test from IntentTest (0 ms total)

[----------] Global test environment tear-down
[==========] 1 test from 1 test suite ran. (0 ms total)
[  PASSED  ] 1 test.
<end of output>
Test time =   0.00 sec
----------------------------------------------------------
Test Passed.
"IntentTest.PutAndGetExtra" end time: Jan 10 23:18 +07
"IntentTest.PutAndGetExtra" time elapsed: 00:00:00
----------------------------------------------------------

13/13 Testing: IntentTest.PutExtrasIntegration
13/13 Test: IntentTest.PutExtrasIntegration
Command: "/home/roto/git/android-platform-frameworks-base/build/tests/framework_tests" "--gtest_filter=IntentTest.PutExtrasIntegration" "--gtest_also_run_disabled_tests"
Directory: /home/roto/git/android-platform-frameworks-base/build/tests
"IntentTest.PutExtrasIntegration" start time: Jan 10 23:18 +07
Output:
----------------------------------------------------------
Running main() from /home/roto/git/android-platform-frameworks-base/build/_deps/googletest-src/googletest/src/gtest_main.cc
Note: Google Test filter = IntentTest.PutExtrasIntegration
[==========] Running 1 test from 1 test suite.
[----------] Global test environment set-up.
[----------] 1 test from IntentTest
[ RUN      ] IntentTest.PutExtrasIntegration
[       OK ] IntentTest.PutExtrasIntegration (0 ms)
[----------] 1 test from IntentTest (0 ms total)

[----------] Global test environment tear-down
[==========] 1 test from 1 test suite ran. (0 ms total)
[  PASSED  ] 1 test.
<end of output>
Test time =   0.01 sec
----------------------------------------------------------
Test Passed.
"IntentTest.PutExtrasIntegration" end time: Jan 10 23:18 +07
"IntentTest.PutExtrasIntegration" time elapsed: 00:00:00
----------------------------------------------------------

End testing: Jan 10 23:18 +07
