Start testing: Jan 10 23:20 +07
----------------------------------------------------------
1/3 Testing: BundleCtsTest.BasicOperations
1/3 Test: BundleCtsTest.BasicOperations
Command: "/home/roto/git/android-platform-frameworks-base/build_cts/framework_cts_tests" "--gtest_filter=BundleCtsTest.BasicOperations" "--gtest_also_run_disabled_tests"
Directory: /home/roto/git/android-platform-frameworks-base/build_cts
"BundleCtsTest.BasicOperations" start time: Jan 10 23:20 +07
Output:
----------------------------------------------------------
Running main() from /home/roto/git/android-platform-frameworks-base/build_cts/_deps/googletest-src/googletest/src/gtest_main.cc
Note: Google Test filter = BundleCtsTest.BasicOperations
[==========] Running 1 test from 1 test suite.
[----------] Global test environment set-up.
[----------] 1 test from BundleCtsTest
[ RUN      ] BundleCtsTest.BasicOperations
[       OK ] BundleCtsTest.BasicOperations (0 ms)
[----------] 1 test from BundleCtsTest (0 ms total)

[----------] Global test environment tear-down
[==========] 1 test from 1 test suite ran. (0 ms total)
[  PASSED  ] 1 test.
<end of output>
Test time =   0.00 sec
----------------------------------------------------------
Test Passed.
"BundleCtsTest.BasicOperations" end time: Jan 10 23:20 +07
"BundleCtsTest.BasicOperations" time elapsed: 00:00:00
----------------------------------------------------------

2/3 Testing: BundleCtsTest.NestedBundles
2/3 Test: BundleCtsTest.NestedBundles
Command: "/home/roto/git/android-platform-frameworks-base/build_cts/framework_cts_tests" "--gtest_filter=BundleCtsTest.NestedBundles" "--gtest_also_run_disabled_tests"
Directory: /home/roto/git/android-platform-frameworks-base/build_cts
"BundleCtsTest.NestedBundles" start time: Jan 10 23:20 +07
Output:
----------------------------------------------------------
Running main() from /home/roto/git/android-platform-frameworks-base/build_cts/_deps/googletest-src/googletest/src/gtest_main.cc
Note: Google Test filter = BundleCtsTest.NestedBundles
[==========] Running 1 test from 1 test suite.
[----------] Global test environment set-up.
[----------] 1 test from BundleCtsTest
[ RUN      ] BundleCtsTest.NestedBundles
[       OK ] BundleCtsTest.NestedBundles (0 ms)
[----------] 1 test from BundleCtsTest (0 ms total)

[----------] Global test environment tear-down
[==========] 1 test from 1 test suite ran. (0 ms total)
[  PASSED  ] 1 test.
<end of output>
Test time =   0.01 sec
----------------------------------------------------------
Test Passed.
"BundleCtsTest.NestedBundles" end time: Jan 10 23:20 +07
"BundleCtsTest.NestedBundles" time elapsed: 00:00:00
----------------------------------------------------------

3/3 Testing: IntentCtsTest.BasicOperations
3/3 Test: IntentCtsTest.BasicOperations
Command: "/home/roto/git/android-platform-frameworks-base/build_cts/framework_cts_tests" "--gtest_filter=IntentCtsTest.BasicOperations" "--gtest_also_run_disabled_tests"
Directory: /home/roto/git/android-platform-frameworks-base/build_cts
"IntentCtsTest.BasicOperations" start time: Jan 10 23:20 +07
Output:
----------------------------------------------------------
Running main() from /home/roto/git/android-platform-frameworks-base/build_cts/_deps/googletest-src/googletest/src/gtest_main.cc
Note: Google Test filter = IntentCtsTest.BasicOperations
[==========] Running 1 test from 1 test suite.
[----------] Global test environment set-up.
[----------] 1 test from IntentCtsTest
[ RUN      ] IntentCtsTest.BasicOperations
[       OK ] IntentCtsTest.BasicOperations (0 ms)
[----------] 1 test from IntentCtsTest (0 ms total)

[----------] Global test environment tear-down
[==========] 1 test from 1 test suite ran. (0 ms total)
[  PASSED  ] 1 test.
<end of output>
Test time =   0.00 sec
----------------------------------------------------------
Test Passed.
"IntentCtsTest.BasicOperations" end time: Jan 10 23:20 +07
"IntentCtsTest.BasicOperations" time elapsed: 00:00:00
----------------------------------------------------------

End testing: Jan 10 23:20 +07
